********************************************************************************
DUPLICATOR-LITE PACKAGE-LOG: October 6, 2020 12:00 pm
NOTICE: Do NOT post to public sites or forums 
********************************************************************************
VERSION:	1.3.38
WORDPRESS:	5.5.1
PHP INFO:	7.4.10 | SAPI: apache2handler
SERVER:		Apache/2.4.46 (Win64) OpenSSL/1.1.1g PHP/7.4.10 
PHP TIME LIMIT: (0) no time limit imposed 
PHP MAX MEMORY: 4294967296 (512M default) 
MEMORY STACK: 6MB

********************************************************************************
DATABASE:
********************************************************************************
BUILD MODE:   MYSQLDUMP
MYSQLTIMEOUT: 5000
MYSQLDUMP:    Is Supported
SQL CREATED: 20201006_wp_project_1e123aebad5099922378_20201006115805_database.sql
SQL FILE SIZE: 1.02MB (1070984)
SQL FILE TIME: 2020-10-06 12:00:21
SQL RUNTIME: 8.28 sec.

********************************************************************************
ARCHIVE (ZIP):
********************************************************************************
ARCHIVE DIR:  F:/xampp/htdocs/wp_project
ARCHIVE FILE: 20201006_wp_project_1e123aebad5099922378_20201006115805_archive.zip
FILTERS: *OFF*
DIRS:
	not set
FILES:
	not set
EXTS:  not set
----------------------------------------
COMPRESSING
SIZE:	171.12MB
STATS:	Dirs 1,441 | Files 9,125
SQL ADDED: 20201006_wp_project_1e123aebad5099922378_20201006115805_database.sql
ZipArchive Object
(
    [status] => 0
    [statusSys] => 0
    [numFiles] => 10566
    [filename] => F:\xampp\htdocs\wp_project\wp-content\backups-dup-lite\tmp\20201006_wp_project_1e123aebad5099922378_20201006115805_archive.zip
    [comment] => 
)

FILE ADDED TO ZIP: 10565
COMPRESSION RESULT: '1'
COMPRESSED SIZE: 74.84MB
ARCHIVE RUNTIME: 113.87 sec.
MEMORY STACK: 8MB
building installer
add_extra_files1
add_extra_files2
add_extra_files3
add_extra_files4
Doing archive file check
add_extra_files5
add_extra_files6
add_extra_files8
Successfully opened zip F:/xampp/htdocs/wp_project/wp-content/backups-dup-lite/tmp/20201006_wp_project_1e123aebad5099922378_20201006115805_archive.zip
Adding enhanced installer files to archive using ZipArchive
Installer files added to archive
Added to archive
After ziparchive close when adding installer

********************************************************************************
INTEGRITY CHECKS:
********************************************************************************
SQL FILE: 1.02MB
INSTALLER FILE: 61.32KB
ARCHIVE FILE: 76.42MB 
EXPECTED FILE/DIRECTORY COUNT: 10,566
ACTUAL FILE/DIRECTORY COUNT: 10,565
ARCHIVE CONSISTENCY TEST: Pass

********************************************************************************
RECORD ID:[1]
TOTAL PROCESS RUNTIME: 123.31 sec.
PEAK PHP MEMORY USED: 10MB
DONE PROCESSING => 20201006_wp_project October 6, 2020 12:02 pm

