********************************************************************************
DUPLICATOR-LITE PACKAGE-LOG: October 28, 2020 6:59 am
NOTICE: Do NOT post to public sites or forums 
********************************************************************************
VERSION:	1.3.38
WORDPRESS:	5.5.1
PHP INFO:	7.2.33 | SAPI: apache2handler
SERVER:		Apache/2.4.46 (Win64) OpenSSL/1.1.1g PHP/7.2.33 
PHP TIME LIMIT: (0) no time limit imposed 
PHP MAX MEMORY: 4294967296 (2048M default) 
MEMORY STACK: 4MB

********************************************************************************
DATABASE:
********************************************************************************
BUILD MODE:   MYSQLDUMP
MYSQLTIMEOUT: 5000
MYSQLDUMP:    Is Supported
SQL CREATED: 2nd_bready_ce30a476da2cd9353502_20201028065935_database.sql
SQL FILE SIZE: 608.74KB (623349)
SQL FILE TIME: 2020-10-28 06:59:43
SQL RUNTIME: 0.85 sec.

********************************************************************************
ARCHIVE (ZIP):
********************************************************************************
ARCHIVE DIR:  D:/xampp/htdocs/Wordpress/Bready
ARCHIVE FILE: 2nd_bready_ce30a476da2cd9353502_20201028065935_archive.zip
FILTERS: *OFF*
DIRS:
	not set
FILES:
	not set
EXTS:  not set
----------------------------------------
COMPRESSING
SIZE:	80.83MB
STATS:	Dirs 349 | Files 2,530
SQL ADDED: 2nd_bready_ce30a476da2cd9353502_20201028065935_database.sql
ZipArchive Object
(
    [status] => 0
    [statusSys] => 0
    [numFiles] => 2879
    [filename] => D:\xampp\htdocs\Wordpress\Bready\wp-content\backups-dup-lite\tmp\2nd_bready_ce30a476da2cd9353502_20201028065935_archive.zip
    [comment] => 
)

FILE ADDED TO ZIP: 2878
COMPRESSION RESULT: '1'
COMPRESSED SIZE: 41.88MB
ARCHIVE RUNTIME: 13.77 sec.
MEMORY STACK: 4MB
building installer
add_extra_files1
add_extra_files2
add_extra_files3
add_extra_files4
Doing archive file check
add_extra_files5
add_extra_files6
add_extra_files8
Successfully opened zip D:/xampp/htdocs/Wordpress/Bready/wp-content/backups-dup-lite/tmp/2nd_bready_ce30a476da2cd9353502_20201028065935_archive.zip
Adding enhanced installer files to archive using ZipArchive
Installer files added to archive
Added to archive
After ziparchive close when adding installer

********************************************************************************
INTEGRITY CHECKS:
********************************************************************************
SQL FILE: 608.74KB
INSTALLER FILE: 61.31KB
ARCHIVE FILE: 43.37MB 
EXPECTED FILE/DIRECTORY COUNT: 2,879
ACTUAL FILE/DIRECTORY COUNT: 2,878
ARCHIVE CONSISTENCY TEST: Pass

********************************************************************************
RECORD ID:[3]
TOTAL PROCESS RUNTIME: 15.40 sec.
PEAK PHP MEMORY USED: 4MB
DONE PROCESSING => 2nd_bready October 28, 2020 6:59 am

